<?xml version="1.0" encoding="UTF-8"?>
<!-- Generated by org.testng.reporters.JUnitReportReporter -->
<testsuite hostname="APPAN-PC" failures="0" tests="4" name="com.qa.testathon.ProductPriceComparisonAndCheckoutTest" time="23.214" errors="0" timestamp="2023-10-27T20:40:31 IST" skipped="0">
  <testcase classname="com.qa.testathon.ProductPriceComparisonAndCheckoutTest" name="searchProduct" time="8.515"/>
  <system-out/>
  <testcase classname="com.qa.testathon.ProductPriceComparisonAndCheckoutTest" name="getProducts" time="1.505"/>
  <system-out/>
  <testcase classname="com.qa.testathon.ProductPriceComparisonAndCheckoutTest" name="pickRandomProductFromApiResponse" time="0.001"/>
  <system-out/>
  <testcase classname="com.qa.testathon.ProductPriceComparisonAndCheckoutTest" name="comparePriceAndCheckout" time="13.193"/>
  <system-out/>
</testsuite> <!-- com.qa.testathon.ProductPriceComparisonAndCheckoutTest -->
