<?xml version="1.0" encoding="UTF-8"?>
<!-- Generated by org.testng.reporters.JUnitReportReporter -->
<testsuite hostname="APPAN-PC" failures="0" tests="3" name="com.qa.testathon.CryptoCoinsTest" time="3.633" errors="0" timestamp="2023-10-26T22:04:21 IST" skipped="0">
  <testcase classname="com.qa.testathon.CryptoCoinsTest" name="sortCryptoCoinsInAscendingOrderUSD" time="0.005"/>
  <system-out/>
  <testcase classname="com.qa.testathon.CryptoCoinsTest" name="getListOfCryptoCoins" time="3.626"/>
  <system-out/>
  <testcase classname="com.qa.testathon.CryptoCoinsTest" name="pickRandomCoinFromApiResponse" time="0.002"/>
  <system-out/>
</testsuite> <!-- com.qa.testathon.CryptoCoinsTest -->
